<?xml version="1.0" encoding="UTF-8"?>
<!-- Generated by org.testng.reporters.JUnitReportReporter -->
<testsuite hostname="Nani" failures="0" tests="3" name="com.TestNG.Sample" time="0.007" errors="0" timestamp="2023-05-22T10:38:58 IST" skipped="0">
  <testcase classname="com.TestNG.Sample" name="testCase2" time="0.002"/>
  <system-out/>
  <testcase classname="com.TestNG.Sample" name="testCase1" time="0.003"/>
  <system-out/>
  <testcase classname="com.TestNG.Sample" name="testCase3" time="0.002"/>
  <system-out/>
</testsuite> <!-- com.TestNG.Sample -->
