<?xml version="1.0" encoding="UTF-8"?>
<!-- Generated by org.testng.reporters.JUnitReportReporter -->
<testsuite hostname="Nani" failures="0" tests="1" name="com.TakeScreenCast.ScreenShotDemo" time="4.559" errors="0" timestamp="2023-05-22T16:18:41 IST" skipped="0">
  <testcase classname="com.TakeScreenCast.ScreenShotDemo" name="launchBrowser" time="4.559"/>
  <system-out/>
</testsuite> <!-- com.TakeScreenCast.ScreenShotDemo -->
