<?xml version="1.0" encoding="UTF-8"?>
<!-- Generated by org.testng.reporters.JUnitReportReporter -->
<testsuite hostname="Nani" failures="0" tests="4" name="com.DataProviderLear.DPro" time="32.370" errors="0" timestamp="2023-05-22T12:58:59 IST" skipped="0">
  <testcase classname="com.DataProviderLear.DPro" name="invokeBrowser" time="9.811"/>
  <system-out/>
  <testcase classname="com.DataProviderLear.DPro" name="invokeBrowser" time="2.575"/>
  <system-out/>
  <testcase classname="com.DataProviderLear.DPro" name="invokeBrowser" time="7.175"/>
  <system-out/>
  <testcase classname="com.DataProviderLear.DPro" name="invokeBrowser" time="12.809"/>
  <system-out/>
</testsuite> <!-- com.DataProviderLear.DPro -->
