<?xml version="1.0" encoding="UTF-8"?>
<!-- Generated by org.testng.reporters.JUnitReportReporter -->
<testsuite hostname="Nani" failures="0" tests="5" name="com.Annotationss.TestGroups" time="0.010" errors="0" timestamp="2023-05-22T15:15:28 IST" skipped="0">
  <testcase classname="com.Annotationss.TestGroups" name="testCase1" time="0.003"/>
  <system-out/>
  <testcase classname="com.Annotationss.TestGroups" name="testCase2" time="0.002"/>
  <system-out/>
  <testcase classname="com.Annotationss.TestGroups" name="testCase3" time="0.001"/>
  <system-out/>
  <testcase classname="com.Annotationss.TestGroups" name="testCase4" time="0.002"/>
  <system-out/>
  <testcase classname="com.Annotationss.TestGroups" name="testCase5" time="0.002"/>
  <system-out/>
</testsuite> <!-- com.Annotationss.TestGroups -->
