<?xml version="1.0" encoding="UTF-8"?>
<!-- Generated by org.testng.reporters.JUnitReportReporter -->
<testsuite hostname="Nani" failures="0" tests="1" name="SauceLabs.LoginPage" time="13.692" errors="0" timestamp="2023-05-22T15:15:28 IST" skipped="0">
  <testcase classname="SauceLabs.LoginPage" name="launchBrowser" time="13.692"/>
  <system-out/>
</testsuite> <!-- SauceLabs.LoginPage -->
