<?xml version="1.0" encoding="UTF-8"?>
<!-- Generated by org.testng.reporters.JUnitReportReporter -->
<testsuite hostname="Nani" failures="0" tests="4" name="com.DataProviderReadFromExtFile.ImportSDataProvFromOtherFile" time="21.304" errors="0" timestamp="2023-05-22T13:05:23 IST" skipped="0">
  <testcase classname="com.DataProviderReadFromExtFile.ImportSDataProvFromOtherFile" name="fireBrowser" time="8.558"/>
  <system-out/>
  <testcase classname="com.DataProviderReadFromExtFile.ImportSDataProvFromOtherFile" name="fireBrowser" time="2.964"/>
  <system-out/>
  <testcase classname="com.DataProviderReadFromExtFile.ImportSDataProvFromOtherFile" name="fireBrowser" time="2.416"/>
  <system-out/>
  <testcase classname="com.DataProviderReadFromExtFile.ImportSDataProvFromOtherFile" name="fireBrowser" time="7.366"/>
  <system-out/>
</testsuite> <!-- com.DataProviderReadFromExtFile.ImportSDataProvFromOtherFile -->
