<?xml version="1.0" encoding="UTF-8"?>
<!-- Generated by org.testng.reporters.JUnitReportReporter -->
<testsuite hostname="Nani" failures="0" tests="4" name="com.TestSuits.TestRegrssionSuit" time="0.006" errors="0" timestamp="2023-05-22T10:37:38 IST" skipped="0">
  <testcase classname="com.TestSuits.TestRegrssionSuit" name="testCase4" time="0.001"/>
  <system-out/>
  <testcase classname="com.TestSuits.TestRegrssionSuit" name="testCase3" time="0.001"/>
  <system-out/>
  <testcase classname="com.TestSuits.TestRegrssionSuit" name="testCase2" time="0.002"/>
  <system-out/>
  <testcase classname="com.TestSuits.TestRegrssionSuit" name="testCase1" time="0.002"/>
  <system-out/>
</testsuite> <!-- com.TestSuits.TestRegrssionSuit -->
