<?xml version="1.0" encoding="UTF-8"?>
<!-- Generated by org.testng.reporters.JUnitReportReporter -->
<testsuite hostname="Nani" failures="0" tests="1" name="com.TestSuits.TestBVTSuit" time="0.013" errors="0" timestamp="2023-05-22T10:37:38 IST" skipped="0">
  <testcase classname="com.TestSuits.TestBVTSuit" name="testCase5" time="0.013"/>
  <system-out/>
</testsuite> <!-- com.TestSuits.TestBVTSuit -->
